{"/home/kasiliana/dev/desafio/backend/src/controllers/DeleteSchoolController.ts": {"path":"/home/kasiliana/dev/desafio/backend/src/controllers/DeleteSchoolController.ts","statementMap":{"0":{"start":{"line":2,"column":0},"end":{"line":2,"column":70}},"1":{"start":{"line":7,"column":19},"end":{"line":7,"column":29}},"2":{"start":{"line":8,"column":22},"end":{"line":8,"column":38}},"3":{"start":{"line":9,"column":30},"end":{"line":9,"column":55}},"4":{"start":{"line":11,"column":4},"end":{"line":18,"column":5}},"5":{"start":{"line":12,"column":26},"end":{"line":12,"column":68}},"6":{"start":{"line":14,"column":6},"end":{"line":14,"column":78}},"7":{"start":{"line":17,"column":6},"end":{"line":17,"column":60}},"8":{"start":{"line":5,"column":0},"end":{"line":5,"column":13}}},"fnMap":{"0":{"name":"(anonymous_0)","decl":{"start":{"line":6,"column":2},"end":{"line":6,"column":7}},"loc":{"start":{"line":6,"column":42},"end":{"line":19,"column":3}}}},"branchMap":{},"s":{"0":1,"1":2,"2":2,"3":2,"4":2,"5":2,"6":1,"7":1,"8":1},"f":{"0":2},"b":{}}
,"/home/kasiliana/dev/desafio/backend/src/controllers/DetailsSchoolController.ts": {"path":"/home/kasiliana/dev/desafio/backend/src/controllers/DetailsSchoolController.ts","statementMap":{"0":{"start":{"line":2,"column":0},"end":{"line":2,"column":72}},"1":{"start":{"line":7,"column":17},"end":{"line":7,"column":27}},"2":{"start":{"line":8,"column":22},"end":{"line":8,"column":38}},"3":{"start":{"line":9,"column":4},"end":{"line":17,"column":5}},"4":{"start":{"line":10,"column":35},"end":{"line":10,"column":61}},"5":{"start":{"line":12,"column":22},"end":{"line":12,"column":67}},"6":{"start":{"line":13,"column":6},"end":{"line":13,"column":43}},"7":{"start":{"line":16,"column":6},"end":{"line":16,"column":60}},"8":{"start":{"line":5,"column":0},"end":{"line":5,"column":13}}},"fnMap":{"0":{"name":"(anonymous_0)","decl":{"start":{"line":6,"column":2},"end":{"line":6,"column":7}},"loc":{"start":{"line":6,"column":42},"end":{"line":18,"column":3}}}},"branchMap":{},"s":{"0":1,"1":2,"2":2,"3":2,"4":2,"5":2,"6":1,"7":1,"8":1},"f":{"0":2},"b":{}}
,"/home/kasiliana/dev/desafio/backend/src/controllers/ListSchoolsController.ts": {"path":"/home/kasiliana/dev/desafio/backend/src/controllers/ListSchoolsController.ts","statementMap":{"0":{"start":{"line":2,"column":0},"end":{"line":2,"column":68}},"1":{"start":{"line":8,"column":4},"end":{"line":19,"column":5}},"2":{"start":{"line":10,"column":46},"end":{"line":10,"column":81}},"3":{"start":{"line":12,"column":33},"end":{"line":12,"column":57}},"4":{"start":{"line":14,"column":22},"end":{"line":14,"column":87}},"5":{"start":{"line":15,"column":6},"end":{"line":15,"column":43}},"6":{"start":{"line":18,"column":6},"end":{"line":18,"column":60}},"7":{"start":{"line":6,"column":0},"end":{"line":6,"column":13}}},"fnMap":{"0":{"name":"(anonymous_0)","decl":{"start":{"line":7,"column":2},"end":{"line":7,"column":7}},"loc":{"start":{"line":7,"column":42},"end":{"line":20,"column":3}}}},"branchMap":{},"s":{"0":1,"1":2,"2":2,"3":2,"4":2,"5":1,"6":1,"7":1},"f":{"0":2},"b":{}}
,"/home/kasiliana/dev/desafio/backend/src/prisma/index.ts": {"path":"/home/kasiliana/dev/desafio/backend/src/prisma/index.ts","statementMap":{"0":{"start":{"line":1,"column":0},"end":{"line":1,"column":46}},"1":{"start":{"line":3,"column":13},"end":{"line":3,"column":47}}},"fnMap":{},"branchMap":{},"s":{"0":3,"1":3},"f":{},"b":{}}
,"/home/kasiliana/dev/desafio/backend/src/services/DeleteSchoolService.ts": {"path":"/home/kasiliana/dev/desafio/backend/src/services/DeleteSchoolService.ts","statementMap":{"0":{"start":{"line":1,"column":0},"end":{"line":1,"column":41}},"1":{"start":{"line":6,"column":4},"end":{"line":23,"column":5}},"2":{"start":{"line":8,"column":29},"end":{"line":10,"column":8}},"3":{"start":{"line":12,"column":6},"end":{"line":14,"column":7}},"4":{"start":{"line":13,"column":8},"end":{"line":13,"column":50}},"5":{"start":{"line":16,"column":6},"end":{"line":18,"column":9}},"6":{"start":{"line":22,"column":6},"end":{"line":22,"column":null}},"7":{"start":{"line":3,"column":0},"end":{"line":3,"column":13}}},"fnMap":{"0":{"name":"(anonymous_0)","decl":{"start":{"line":4,"column":2},"end":{"line":4,"column":7}},"loc":{"start":{"line":4,"column":26},"end":{"line":24,"column":3}}}},"branchMap":{"0":{"loc":{"start":{"line":12,"column":6},"end":{"line":14,"column":7}},"type":"if","locations":[{"start":{"line":12,"column":6},"end":{"line":14,"column":7}}]}},"s":{"0":1,"1":0,"2":0,"3":0,"4":0,"5":0,"6":0,"7":1},"f":{"0":0},"b":{"0":[0]}}
,"/home/kasiliana/dev/desafio/backend/src/services/DetailsSchoolService.ts": {"path":"/home/kasiliana/dev/desafio/backend/src/services/DetailsSchoolService.ts","statementMap":{"0":{"start":{"line":1,"column":0},"end":{"line":1,"column":41}},"1":{"start":{"line":6,"column":2},"end":{"line":25,"column":3}},"2":{"start":{"line":7,"column":26},"end":{"line":9,"column":5}},"3":{"start":{"line":11,"column":3},"end":{"line":13,"column":4}},"4":{"start":{"line":12,"column":4},"end":{"line":12,"column":46}},"5":{"start":{"line":16,"column":25},"end":{"line":20,"column":5}},"6":{"start":{"line":21,"column":3},"end":{"line":21,"column":24}},"7":{"start":{"line":24,"column":3},"end":{"line":24,"column":55}},"8":{"start":{"line":3,"column":0},"end":{"line":3,"column":13}}},"fnMap":{"0":{"name":"(anonymous_0)","decl":{"start":{"line":4,"column":1},"end":{"line":4,"column":6}},"loc":{"start":{"line":4,"column":25},"end":{"line":26,"column":2}}}},"branchMap":{"0":{"loc":{"start":{"line":11,"column":3},"end":{"line":13,"column":4}},"type":"if","locations":[{"start":{"line":11,"column":3},"end":{"line":13,"column":4}}]}},"s":{"0":1,"1":0,"2":0,"3":0,"4":0,"5":0,"6":0,"7":0,"8":1},"f":{"0":0},"b":{"0":[0]}}
,"/home/kasiliana/dev/desafio/backend/src/services/ListSchoolsService.ts": {"path":"/home/kasiliana/dev/desafio/backend/src/services/ListSchoolsService.ts","statementMap":{"0":{"start":{"line":1,"column":0},"end":{"line":1,"column":41}},"1":{"start":{"line":8,"column":2},"end":{"line":58,"column":3}},"2":{"start":{"line":9,"column":22},"end":{"line":15,"column":5}},"3":{"start":{"line":17,"column":25},"end":{"line":30,"column":5}},"4":{"start":{"line":32,"column":27},"end":{"line":40,"column":5}},"5":{"start":{"line":42,"column":25},"end":{"line":50,"column":5}},"6":{"start":{"line":51,"column":18},"end":{"line":51,"column":68}},"7":{"start":{"line":51,"column":49},"end":{"line":51,"column":67}},"8":{"start":{"line":52,"column":15},"end":{"line":52,"column":56}},"9":{"start":{"line":52,"column":44},"end":{"line":52,"column":55}},"10":{"start":{"line":54,"column":3},"end":{"line":54,"column":60}},"11":{"start":{"line":57,"column":3},"end":{"line":57,"column":56}},"12":{"start":{"line":5,"column":0},"end":{"line":5,"column":13}}},"fnMap":{"0":{"name":"(anonymous_0)","decl":{"start":{"line":6,"column":1},"end":{"line":6,"column":6}},"loc":{"start":{"line":6,"column":60},"end":{"line":59,"column":2}}},"1":{"name":"(anonymous_1)","decl":{"start":{"line":51,"column":38},"end":{"line":51,"column":39}},"loc":{"start":{"line":51,"column":49},"end":{"line":51,"column":67}}},"2":{"name":"(anonymous_2)","decl":{"start":{"line":52,"column":33},"end":{"line":52,"column":34}},"loc":{"start":{"line":52,"column":44},"end":{"line":52,"column":55}}}},"branchMap":{},"s":{"0":1,"1":0,"2":0,"3":0,"4":0,"5":0,"6":0,"7":0,"8":0,"9":0,"10":0,"11":0,"12":1},"f":{"0":0,"1":0,"2":0},"b":{}}
}
